2021-09-14 09:59:02,693 INFO supervisord started with pid 1
2021-09-14 09:59:03,697 INFO spawned: 'php-fpm' with pid 9
2021-09-14 09:59:03,698 INFO spawned: 'nginx' with pid 10
2021-09-14 09:59:04,722 INFO success: php-fpm entered RUNNING state, process has stayed up for > than 1 seconds (startsecs)
2021-09-14 09:59:04,722 INFO success: nginx entered RUNNING state, process has stayed up for > than 1 seconds (startsecs)
2021-09-14 09:59:05,314 WARN received SIGQUIT indicating exit request
2021-09-14 09:59:05,314 INFO waiting for nginx, php-fpm to die
2021-09-14 09:59:05,317 INFO stopped: nginx (exit status 0)
2021-09-14 09:59:05,321 INFO stopped: php-fpm (exit status 0)
2021-09-14 09:59:06,973 INFO supervisord started with pid 1
2021-09-14 09:59:07,976 INFO spawned: 'php-fpm' with pid 10
2021-09-14 09:59:07,977 INFO spawned: 'nginx' with pid 11
2021-09-14 09:59:08,996 INFO success: php-fpm entered RUNNING state, process has stayed up for > than 1 seconds (startsecs)
2021-09-14 09:59:08,996 INFO success: nginx entered RUNNING state, process has stayed up for > than 1 seconds (startsecs)
2021-09-14 11:32:00,696 WARN received SIGQUIT indicating exit request
2021-09-14 11:32:00,696 INFO waiting for nginx, php-fpm to die
2021-09-14 11:32:00,703 INFO stopped: nginx (exit status 0)
2021-09-14 11:32:00,714 INFO stopped: php-fpm (exit status 0)
2021-09-14 11:32:12,625 INFO supervisord started with pid 1
2021-09-14 11:32:13,627 INFO spawned: 'php-fpm' with pid 9
2021-09-14 11:32:13,628 INFO spawned: 'nginx' with pid 10
2021-09-14 11:32:14,650 INFO success: php-fpm entered RUNNING state, process has stayed up for > than 1 seconds (startsecs)
2021-09-14 11:32:14,650 INFO success: nginx entered RUNNING state, process has stayed up for > than 1 seconds (startsecs)
2021-09-14 11:32:59,826 WARN received SIGQUIT indicating exit request
2021-09-14 11:32:59,827 INFO waiting for nginx, php-fpm to die
2021-09-14 11:32:59,829 INFO stopped: nginx (exit status 0)
2021-09-14 11:32:59,837 INFO stopped: php-fpm (exit status 0)
2021-09-14 11:33:11,937 INFO supervisord started with pid 1
2021-09-14 11:33:12,939 INFO spawned: 'php-fpm' with pid 9
2021-09-14 11:33:12,940 INFO spawned: 'nginx' with pid 10
2021-09-14 11:33:13,959 INFO success: php-fpm entered RUNNING state, process has stayed up for > than 1 seconds (startsecs)
2021-09-14 11:33:13,959 INFO success: nginx entered RUNNING state, process has stayed up for > than 1 seconds (startsecs)
2021-09-14 12:31:52,968 WARN received SIGQUIT indicating exit request
2021-09-14 12:31:52,969 INFO waiting for nginx, php-fpm to die
2021-09-14 12:31:52,978 INFO stopped: nginx (exit status 0)
2021-09-14 12:31:52,998 INFO stopped: php-fpm (exit status 0)
2021-09-14 12:32:56,336 INFO supervisord started with pid 1
2021-09-14 12:32:57,338 INFO spawned: 'php-fpm' with pid 9
2021-09-14 12:32:57,339 INFO spawned: 'nginx' with pid 10
2021-09-14 12:32:58,363 INFO success: php-fpm entered RUNNING state, process has stayed up for > than 1 seconds (startsecs)
2021-09-14 12:32:58,363 INFO success: nginx entered RUNNING state, process has stayed up for > than 1 seconds (startsecs)
2021-09-14 12:52:44,768 WARN received SIGQUIT indicating exit request
2021-09-14 12:52:44,768 INFO waiting for nginx, php-fpm to die
2021-09-14 12:52:44,771 INFO stopped: nginx (exit status 0)
2021-09-14 12:52:44,787 INFO stopped: php-fpm (exit status 0)
2021-09-14 12:52:56,725 INFO supervisord started with pid 1
2021-09-14 12:52:57,727 INFO spawned: 'php-fpm' with pid 10
2021-09-14 12:52:57,728 INFO spawned: 'nginx' with pid 11
2021-09-14 12:52:58,758 INFO success: php-fpm entered RUNNING state, process has stayed up for > than 1 seconds (startsecs)
2021-09-14 12:52:58,758 INFO success: nginx entered RUNNING state, process has stayed up for > than 1 seconds (startsecs)
2021-09-14 12:55:40,671 WARN received SIGQUIT indicating exit request
2021-09-14 12:55:40,671 INFO waiting for nginx, php-fpm to die
2021-09-14 12:55:40,678 INFO stopped: nginx (exit status 0)
2021-09-14 12:55:40,684 INFO stopped: php-fpm (exit status 0)
2021-09-14 12:55:53,252 INFO supervisord started with pid 1
2021-09-14 12:55:54,254 INFO spawned: 'php-fpm' with pid 9
2021-09-14 12:55:54,256 INFO spawned: 'nginx' with pid 10
2021-09-14 12:55:55,296 INFO success: php-fpm entered RUNNING state, process has stayed up for > than 1 seconds (startsecs)
2021-09-14 12:55:55,296 INFO success: nginx entered RUNNING state, process has stayed up for > than 1 seconds (startsecs)
